<?xml version="1.0" encoding="UTF-8"?>
<testng-results ignored="0" total="3" passed="3" failed="0" skipped="0">
  <reporter-output>
  </reporter-output>
  <suite started-at="2022-01-07T22:48:43 IST" name="Suite" finished-at="2022-01-07T22:48:52 IST" duration-ms="8915">
    <groups>
    </groups>
    <test started-at="2022-01-07T22:48:43 IST" name="Test" finished-at="2022-01-07T22:48:52 IST" duration-ms="8915">
      <class name="testcase.NewTest1">
        <test-method signature="Testcase1()[pri:0, instance:testcase.NewTest1@ea6147e]" started-at="2022-01-07T22:48:52 IST" name="Testcase1" finished-at="2022-01-07T22:48:52 IST" duration-ms="0" status="PASS">
          <reporter-output>
          </reporter-output>
        </test-method> <!-- Testcase1 -->
        <test-method signature="Testcase2()[pri:0, instance:testcase.NewTest1@ea6147e]" started-at="2022-01-07T22:48:52 IST" name="Testcase2" finished-at="2022-01-07T22:48:52 IST" duration-ms="0" status="PASS">
          <reporter-output>
          </reporter-output>
        </test-method> <!-- Testcase2 -->
      </class> <!-- testcase.NewTest1 -->
      <class name="testcase.Testcasedemo2">
        <test-method signature="Chrometest()[pri:0, instance:testcase.Testcasedemo2@247d8ae]" started-at="2022-01-07T22:48:43 IST" name="Chrometest" finished-at="2022-01-07T22:48:52 IST" duration-ms="8839" status="PASS">
          <reporter-output>
          </reporter-output>
        </test-method> <!-- Chrometest -->
      </class> <!-- testcase.Testcasedemo2 -->
    </test> <!-- Test -->
  </suite> <!-- Suite -->
</testng-results>
